0 info it worked if it ends with ok
1 verbose cli [ '/usr/local/bin/node',
1 verbose cli   '/usr/local/bin/npm',
1 verbose cli   'install',
1 verbose cli   '-g',
1 verbose cli   'node-gyp',
1 verbose cli   'v3.3.1' ]
2 info using npm@3.8.6
3 info using node@v6.0.0
4 silly loadCurrentTree Starting
5 silly install loadCurrentTree
6 silly install readGlobalPackageData
7 silly fetchPackageMetaData node-gyp
8 silly fetchPackageMetaData v3.3.1
9 silly fetchNamedPackageData node-gyp
10 silly mapToRegistry name node-gyp
11 silly mapToRegistry using default registry
12 silly mapToRegistry registry https://registry.npmjs.org/
13 silly mapToRegistry data Result {
13 silly mapToRegistry   raw: 'node-gyp',
13 silly mapToRegistry   scope: null,
13 silly mapToRegistry   name: 'node-gyp',
13 silly mapToRegistry   rawSpec: '',
13 silly mapToRegistry   spec: 'latest',
13 silly mapToRegistry   type: 'tag' }
14 silly mapToRegistry uri https://registry.npmjs.org/node-gyp
15 silly fetchNamedPackageData v3.3.1
16 silly mapToRegistry name v3.3.1
17 silly mapToRegistry using default registry
18 silly mapToRegistry registry https://registry.npmjs.org/
19 silly mapToRegistry data Result {
19 silly mapToRegistry   raw: 'v3.3.1',
19 silly mapToRegistry   scope: null,
19 silly mapToRegistry   name: 'v3.3.1',
19 silly mapToRegistry   rawSpec: '',
19 silly mapToRegistry   spec: 'latest',
19 silly mapToRegistry   type: 'tag' }
20 silly mapToRegistry uri https://registry.npmjs.org/v3.3.1
21 verbose request uri https://registry.npmjs.org/v3.3.1
22 verbose request no auth needed
23 info attempt registry request try #1 at 10:23:20 AM
24 verbose request id d93d8134f934f447
25 http request GET https://registry.npmjs.org/v3.3.1
26 verbose request uri https://registry.npmjs.org/node-gyp
27 verbose request no auth needed
28 info attempt registry request try #1 at 10:23:20 AM
29 verbose etag W/"44886b69e529bf53aac11de6fdb34430"
30 verbose lastModified Mon, 22 Nov 2021 08:34:07 GMT
31 http request GET https://registry.npmjs.org/node-gyp
32 http 304 https://registry.npmjs.org/node-gyp
33 verbose headers { date: 'Wed, 01 Dec 2021 04:53:20 GMT',
33 verbose headers   connection: 'keep-alive',
33 verbose headers   'cf-ray': '6b69b610dd811d18-BLR',
33 verbose headers   'cache-control': 'public, max-age=300',
33 verbose headers   etag: '"44886b69e529bf53aac11de6fdb34430"',
33 verbose headers   'last-modified': 'Mon, 22 Nov 2021 08:34:07 GMT',
33 verbose headers   vary: 'Accept-Encoding',
33 verbose headers   'cf-cache-status': 'HIT',
33 verbose headers   'expect-ct': 'max-age=604800, report-uri="https://report-uri.cloudflare.com/cdn-cgi/beacon/expect-ct"',
33 verbose headers   'x-amz-replication-status': 'PENDING',
33 verbose headers   server: 'cloudflare' }
34 silly get cb [ 304,
34 silly get   { date: 'Wed, 01 Dec 2021 04:53:20 GMT',
34 silly get     connection: 'keep-alive',
34 silly get     'cf-ray': '6b69b610dd811d18-BLR',
34 silly get     'cache-control': 'public, max-age=300',
34 silly get     etag: '"44886b69e529bf53aac11de6fdb34430"',
34 silly get     'last-modified': 'Mon, 22 Nov 2021 08:34:07 GMT',
34 silly get     vary: 'Accept-Encoding',
34 silly get     'cf-cache-status': 'HIT',
34 silly get     'expect-ct': 'max-age=604800, report-uri="https://report-uri.cloudflare.com/cdn-cgi/beacon/expect-ct"',
34 silly get     'x-amz-replication-status': 'PENDING',
34 silly get     server: 'cloudflare' } ]
35 verbose etag https://registry.npmjs.org/node-gyp from cache
36 verbose get saving node-gyp to /Users/pradeepkumarbk/.npm/registry.npmjs.org/node-gyp/.cache.json
37 verbose correctMkdir /Users/pradeepkumarbk/.npm correctMkdir not in flight; initializing
38 http 404 https://registry.npmjs.org/v3.3.1
39 verbose headers { date: 'Wed, 01 Dec 2021 04:53:20 GMT',
39 verbose headers   'content-type': 'application/json',
39 verbose headers   'content-length': '21',
39 verbose headers   connection: 'keep-alive',
39 verbose headers   'cf-ray': '6b69b610c9ff1d1c-BLR',
39 verbose headers   vary: 'Accept-Encoding',
39 verbose headers   'expect-ct': 'max-age=604800, report-uri="https://report-uri.cloudflare.com/cdn-cgi/beacon/expect-ct"',
39 verbose headers   server: 'cloudflare' }
40 silly get cb [ 404,
40 silly get   { date: 'Wed, 01 Dec 2021 04:53:20 GMT',
40 silly get     'content-type': 'application/json',
40 silly get     'content-length': '21',
40 silly get     connection: 'keep-alive',
40 silly get     'cf-ray': '6b69b610c9ff1d1c-BLR',
40 silly get     vary: 'Accept-Encoding',
40 silly get     'expect-ct': 'max-age=604800, report-uri="https://report-uri.cloudflare.com/cdn-cgi/beacon/expect-ct"',
40 silly get     server: 'cloudflare' } ]
41 silly fetchPackageMetaData Error: Not found : v3.3.1
41 silly fetchPackageMetaData     at makeError (/usr/local/lib/node_modules/npm/node_modules/npm-registry-client/lib/request.js:264:12)
41 silly fetchPackageMetaData     at CachingRegistryClient.<anonymous> (/usr/local/lib/node_modules/npm/node_modules/npm-registry-client/lib/request.js:252:14)
41 silly fetchPackageMetaData     at Request._callback (/usr/local/lib/node_modules/npm/node_modules/npm-registry-client/lib/request.js:172:14)
41 silly fetchPackageMetaData     at Request.self.callback (/usr/local/lib/node_modules/npm/node_modules/request/request.js:199:22)
41 silly fetchPackageMetaData     at emitTwo (events.js:106:13)
41 silly fetchPackageMetaData     at Request.emit (events.js:191:7)
41 silly fetchPackageMetaData     at Request.<anonymous> (/usr/local/lib/node_modules/npm/node_modules/request/request.js:1036:10)
41 silly fetchPackageMetaData     at emitOne (events.js:101:20)
41 silly fetchPackageMetaData     at Request.emit (events.js:188:7)
41 silly fetchPackageMetaData     at IncomingMessage.<anonymous> (/usr/local/lib/node_modules/npm/node_modules/request/request.js:963:12)
41 silly fetchPackageMetaData  error for v3.3.1 { Error: Not found : v3.3.1
41 silly fetchPackageMetaData     at makeError (/usr/local/lib/node_modules/npm/node_modules/npm-registry-client/lib/request.js:264:12)
41 silly fetchPackageMetaData     at CachingRegistryClient.<anonymous> (/usr/local/lib/node_modules/npm/node_modules/npm-registry-client/lib/request.js:252:14)
41 silly fetchPackageMetaData     at Request._callback (/usr/local/lib/node_modules/npm/node_modules/npm-registry-client/lib/request.js:172:14)
41 silly fetchPackageMetaData     at Request.self.callback (/usr/local/lib/node_modules/npm/node_modules/request/request.js:199:22)
41 silly fetchPackageMetaData     at emitTwo (events.js:106:13)
41 silly fetchPackageMetaData     at Request.emit (events.js:191:7)
41 silly fetchPackageMetaData     at Request.<anonymous> (/usr/local/lib/node_modules/npm/node_modules/request/request.js:1036:10)
41 silly fetchPackageMetaData     at emitOne (events.js:101:20)
41 silly fetchPackageMetaData     at Request.emit (events.js:188:7)
41 silly fetchPackageMetaData     at IncomingMessage.<anonymous> (/usr/local/lib/node_modules/npm/node_modules/request/request.js:963:12) pkgid: 'v3.3.1', statusCode: 404, code: 'E404' }
42 silly rollbackFailedOptional Starting
43 silly rollbackFailedOptional Finishing
44 silly runTopLevelLifecycles Starting
45 silly runTopLevelLifecycles Finishing
46 silly install printInstalled
47 verbose stack Error: Not found : v3.3.1
47 verbose stack     at makeError (/usr/local/lib/node_modules/npm/node_modules/npm-registry-client/lib/request.js:264:12)
47 verbose stack     at CachingRegistryClient.<anonymous> (/usr/local/lib/node_modules/npm/node_modules/npm-registry-client/lib/request.js:252:14)
47 verbose stack     at Request._callback (/usr/local/lib/node_modules/npm/node_modules/npm-registry-client/lib/request.js:172:14)
47 verbose stack     at Request.self.callback (/usr/local/lib/node_modules/npm/node_modules/request/request.js:199:22)
47 verbose stack     at emitTwo (events.js:106:13)
47 verbose stack     at Request.emit (events.js:191:7)
47 verbose stack     at Request.<anonymous> (/usr/local/lib/node_modules/npm/node_modules/request/request.js:1036:10)
47 verbose stack     at emitOne (events.js:101:20)
47 verbose stack     at Request.emit (events.js:188:7)
47 verbose stack     at IncomingMessage.<anonymous> (/usr/local/lib/node_modules/npm/node_modules/request/request.js:963:12)
48 verbose statusCode 404
49 verbose pkgid v3.3.1
50 verbose cwd /Users/pradeepkumarbk/php/angular4-unit-test
51 error Darwin 20.5.0
52 error argv "/usr/local/bin/node" "/usr/local/bin/npm" "install" "-g" "node-gyp" "v3.3.1"
53 error node v6.0.0
54 error npm  v3.8.6
55 error code E404
56 error 404 Not found : v3.3.1
57 error 404
58 error 404 'v3.3.1' is not in the npm registry.
59 error 404 You should bug the author to publish it (or use the name yourself!)
60 error 404 Note that you can also install from a
61 error 404 tarball, folder, http url, or git url.
62 verbose exit [ 1, true ]
